<?xml version="1.0" encoding="UTF-8"?>
<!-- Generated by org.testng.reporters.JUnitReportReporter -->
<testsuite hostname="DESKTOP-AM4RQ03" failures="0" tests="1" name="testngDemo.ScreenShotDemo" time="4.163" errors="0" timestamp="2024-01-22T14:32:57 IST" skipped="0">
  <testcase classname="testngDemo.ScreenShotDemo" name="capture" time="4.163"/>
  <system-out/>
</testsuite> <!-- testngDemo.ScreenShotDemo -->
