<?xml version="1.0" encoding="UTF-8"?>
<!-- Generated by org.testng.reporters.JUnitReportReporter -->
<testsuite hostname="DESKTOP-AM4RQ03" failures="0" tests="3" name="pageobjectmodel.testcases.LoginPageCrmTest" time="1.599" errors="0" timestamp="2024-01-03T00:16:11 IST" skipped="0">
  <testcase classname="pageobjectmodel.testcases.LoginPageCrmTest" name="verifyLogin" time="1.577"/>
  <system-out/>
  <testcase classname="pageobjectmodel.testcases.LoginPageCrmTest" name="verifyUrl" time="0.009"/>
  <system-out/>
  <testcase classname="pageobjectmodel.testcases.LoginPageCrmTest" name="verifyTitle" time="0.013"/>
  <system-out/>
</testsuite> <!-- pageobjectmodel.testcases.LoginPageCrmTest -->
