<?xml version="1.0" encoding="UTF-8"?>
<!-- Generated by org.testng.reporters.JUnitReportReporter -->
<testsuite hostname="DESKTOP-AM4RQ03" failures="0" tests="2" name="testngDemo.AssertionDemo" time="0.021" errors="0" timestamp="2023-12-25T21:13:26 IST" skipped="0">
  <testcase classname="testngDemo.AssertionDemo" name="hardAssertion" time="0.010"/>
  <system-out/>
  <testcase classname="testngDemo.AssertionDemo" name="spftAssertion" time="0.011"/>
  <system-out/>
</testsuite> <!-- testngDemo.AssertionDemo -->
