<?xml version="1.0" encoding="UTF-8"?>
<!-- Generated by org.testng.reporters.JUnitReportReporter -->
<testsuite hostname="DESKTOP-AM4RQ03" failures="0" tests="2" name="testngDemo.TestDisable" time="0.014" errors="0" timestamp="2023-12-26T21:09:57 IST" skipped="1">
  <testcase classname="testngDemo.TestDisable" name="f2" time="0.014"/>
  <system-out/>
  <testcase classname="testngDemo.TestDisable" name="f3">
    <skipped/>
  </testcase> <!-- f3 -->
  <system-out/>
</testsuite> <!-- testngDemo.TestDisable -->
