<?xml version="1.0" encoding="UTF-8"?>
<!-- Generated by org.testng.reporters.JUnitReportReporter -->
<testsuite hostname="DESKTOP-AM4RQ03" failures="0" tests="1" name="testngDemo.TestDemoUsingXml" time="0.011" errors="0" timestamp="2024-01-02T20:47:02 IST" skipped="0">
  <testcase classname="testngDemo.TestDemoUsingXml" name="f" time="0.011"/>
  <system-out/>
</testsuite> <!-- testngDemo.TestDemoUsingXml -->
