<?xml version="1.0" encoding="UTF-8"?>
<!-- Generated by org.testng.reporters.JUnitReportReporter -->
<testsuite hostname="DESKTOP-AM4RQ03" failures="0" tests="2" name="pageobjectmodel.testcases.NewLoginPageTest" time="2.429" errors="0" timestamp="2024-01-01T11:02:45 IST" skipped="0">
  <testcase classname="pageobjectmodel.testcases.NewLoginPageTest" name="f" time="1.061"/>
  <system-out/>
  <testcase classname="pageobjectmodel.testcases.NewLoginPageTest" name="VerifyUrl" time="1.368"/>
  <system-out/>
</testsuite> <!-- pageobjectmodel.testcases.NewLoginPageTest -->
