<?xml version="1.0" encoding="UTF-8"?>
<!-- Generated by org.testng.reporters.JUnitReportReporter -->
<testsuite hostname="DESKTOP-AM4RQ03" failures="0" tests="4" name="testngDemo.TestDemo2" time="0.013" errors="0" timestamp="2023-12-25T21:13:26 IST" skipped="0">
  <testcase classname="testngDemo.TestDemo2" name="registrationTest" time="0.003"/>
  <system-out/>
  <testcase classname="testngDemo.TestDemo2" name="loginTest" time="0.003"/>
  <system-out/>
  <testcase classname="testngDemo.TestDemo2" name="searchTest" time="0.004"/>
  <system-out/>
  <testcase classname="testngDemo.TestDemo2" name="addToCartTest" time="0.003"/>
  <system-out/>
</testsuite> <!-- testngDemo.TestDemo2 -->
