<?xml version="1.0" encoding="UTF-8"?>
<!-- Generated by org.testng.reporters.JUnitReportReporter -->
<testsuite hostname="DESKTOP-AM4RQ03" failures="0" tests="2" name="testngDemo.TestDemo1" time="0.019" errors="0" timestamp="2023-12-25T21:13:26 IST" skipped="0">
  <testcase classname="testngDemo.TestDemo1" name="testCase1" time="0.017"/>
  <system-out/>
  <testcase classname="testngDemo.TestDemo1" name="testCase2" time="0.002"/>
  <system-out/>
</testsuite> <!-- testngDemo.TestDemo1 -->
