<?xml version="1.0" encoding="UTF-8"?>
<!-- Generated by org.testng.reporters.JUnitReportReporter -->
<testsuite hostname="DESKTOP-AM4RQ03" failures="0" tests="1" name="testngDemo.PropertiesFileGoogleRead" time="5.569" errors="0" timestamp="2024-01-02T22:10:31 IST" skipped="0">
  <testcase classname="testngDemo.PropertiesFileGoogleRead" name="readFile" time="5.569"/>
  <system-out/>
</testsuite> <!-- testngDemo.PropertiesFileGoogleRead -->
