<?xml version="1.0" encoding="UTF-8"?>
<!-- Generated by org.testng.reporters.JUnitReportReporter -->
<testsuite hostname="DESKTOP-AM4RQ03" failures="0" tests="2" name="testngDemo.AssertionInTestNG" time="0.023" errors="0" timestamp="2024-01-22T13:52:51 IST" skipped="0">
  <testcase classname="testngDemo.AssertionInTestNG" name="hardAssertion" time="0.016"/>
  <system-out/>
  <testcase classname="testngDemo.AssertionInTestNG" name="spftAssertion" time="0.007"/>
  <system-out/>
</testsuite> <!-- testngDemo.AssertionInTestNG -->
