<?xml version="1.0" encoding="UTF-8"?>
<!-- Generated by org.testng.reporters.JUnitReportReporter -->
<testsuite hostname="DESKTOP-AM4RQ03" failures="0" tests="1" name="datadrivenTest.ExtentReportDemo" time="0.605" errors="0" timestamp="2024-01-04T13:57:35 IST" skipped="0">
  <testcase classname="datadrivenTest.ExtentReportDemo" name="reportTest" time="0.605"/>
  <system-out/>
</testsuite> <!-- datadrivenTest.ExtentReportDemo -->
