<?xml version="1.0" encoding="UTF-8"?>
<!-- Generated by org.testng.reporters.JUnitReportReporter -->
<testsuite hostname="DESKTOP-AM4RQ03" failures="0" tests="3" name="pageobjectmodel.testcases.LoginPageTest" time="2.083" errors="0" timestamp="2024-01-01T10:43:09 IST" skipped="0">
  <testcase classname="pageobjectmodel.testcases.LoginPageTest" name="verifyLogin" time="2.060"/>
  <system-out/>
  <testcase classname="pageobjectmodel.testcases.LoginPageTest" name="verifyUrl" time="0.010"/>
  <system-out/>
  <testcase classname="pageobjectmodel.testcases.LoginPageTest" name="verifyTitle" time="0.013"/>
  <system-out/>
</testsuite> <!-- pageobjectmodel.testcases.LoginPageTest -->
